<?xml version="1.0" encoding="UTF-8"?>
<!-- Generated by org.testng.reporters.JUnitXMLReporter -->
<testsuite ignored="0" hostname="Arpitas-MacBook-Air.local" failures="1" tests="1" name="SwagLabs Appium Test - Medium Phone" time="60.739" errors="0" timestamp="2025-02-07T22:45:45 IST">
  <testcase classname="tests.LoginTest" name="testValidLogin" time="14.845">
    <failure type="java.lang.AssertionError" message="ScreenCapture path must not be null or empty">
      <![CDATA[java.lang.AssertionError: ScreenCapture path must not be null or empty
at tests.LoginTest.testValidLogin(LoginTest.java:63)
at java.base/java.util.ArrayList.forEach(ArrayList.java:1511)
at java.base/java.util.concurrent.FutureTask.run(FutureTask.java:264)
at java.base/java.util.concurrent.ThreadPoolExecutor.runWorker(ThreadPoolExecutor.java:1136)
at java.base/java.util.concurrent.ThreadPoolExecutor$Worker.run(ThreadPoolExecutor.java:635)
at java.base/java.lang.Thread.run(Thread.java:840)
... Removed 18 stack frames]]>
    </failure>
  </testcase> <!-- testValidLogin -->
</testsuite> <!-- SwagLabs Appium Test - Medium Phone -->
