<?xml version="1.0" encoding="UTF-8"?>
<testng-results ignored="0" total="2" passed="2" failed="0" skipped="0">
  <reporter-output>
  </reporter-output>
  <suite started-at="2025-02-09T19:43:20 IST" name="SwagLabs Test Suite" finished-at="2025-02-09T19:43:51 IST" duration-ms="31199">
    <groups>
    </groups>
    <test started-at="2025-02-09T19:43:20 IST" name="SwagLabs Appium Test - Medium Phone" finished-at="2025-02-09T19:43:50 IST" duration-ms="29687">
      <class name="tests.LoginTest">
        <test-method is-config="true" signature="setupTest(java.lang.String,java.lang.String,java.lang.String,java.lang.String)[pri:0, instance:tests.LoginTest@35ef1869]" started-at="2025-02-09T19:43:20 IST" name="setupTest" finished-at="2025-02-09T19:43:37 IST" duration-ms="16824" status="PASS">
          <params>
            <param index="0">
              <value>
                <![CDATA[Pixel_Fold_API_35_2]]>
              </value>
            </param>
            <param index="1">
              <value>
                <![CDATA[14]]>
              </value>
            </param>
            <param index="2">
              <value>
                <![CDATA[emulator-5556]]>
              </value>
            </param>
            <param index="3">
              <value>
                <![CDATA[http://127.0.0.1:4723]]>
              </value>
            </param>
          </params>
          <reporter-output>
          </reporter-output>
        </test-method> <!-- setupTest -->
        <test-method signature="testValidLogin()[pri:0, instance:tests.LoginTest@35ef1869]" started-at="2025-02-09T19:43:37 IST" name="testValidLogin" finished-at="2025-02-09T19:43:50 IST" duration-ms="12810" status="PASS">
          <reporter-output>
          </reporter-output>
        </test-method> <!-- testValidLogin -->
      </class> <!-- tests.LoginTest -->
    </test> <!-- SwagLabs Appium Test - Medium Phone -->
    <test started-at="2025-02-09T19:43:20 IST" name="SwagLabs Appium Test - Pixel Fold" finished-at="2025-02-09T19:43:51 IST" duration-ms="31199">
      <class name="tests.LoginTest">
        <test-method is-config="true" signature="setup(java.lang.String,java.lang.String,java.lang.String,java.lang.String)[pri:0, instance:tests.LoginTest@5fdcaa40]" started-at="2025-02-09T19:43:11 IST" name="setup" finished-at="2025-02-09T19:43:20 IST" duration-ms="8765" status="PASS">
          <params>
            <param index="0">
              <value>
                <![CDATA[emulator-5556]]>
              </value>
            </param>
            <param index="1">
              <value>
                <![CDATA[14]]>
              </value>
            </param>
            <param index="2">
              <value>
                <![CDATA[emulator-5556]]>
              </value>
            </param>
            <param index="3">
              <value>
                <![CDATA[http://127.0.0.1:4723]]>
              </value>
            </param>
          </params>
          <reporter-output>
          </reporter-output>
        </test-method> <!-- setup -->
        <test-method is-config="true" signature="setupTest(java.lang.String,java.lang.String,java.lang.String,java.lang.String)[pri:0, instance:tests.LoginTest@5fdcaa40]" started-at="2025-02-09T19:43:20 IST" name="setupTest" finished-at="2025-02-09T19:43:41 IST" duration-ms="21047" status="PASS">
          <params>
            <param index="0">
              <value>
                <![CDATA[Pixel_Fold_API_35]]>
              </value>
            </param>
            <param index="1">
              <value>
                <![CDATA[14]]>
              </value>
            </param>
            <param index="2">
              <value>
                <![CDATA[emulator-5554]]>
              </value>
            </param>
            <param index="3">
              <value>
                <![CDATA[http://127.0.0.1:4725]]>
              </value>
            </param>
          </params>
          <reporter-output>
          </reporter-output>
        </test-method> <!-- setupTest -->
        <test-method signature="testValidLogin()[pri:0, instance:tests.LoginTest@5fdcaa40]" started-at="2025-02-09T19:43:41 IST" name="testValidLogin" finished-at="2025-02-09T19:43:51 IST" duration-ms="10145" status="PASS">
          <reporter-output>
          </reporter-output>
        </test-method> <!-- testValidLogin -->
      </class> <!-- tests.LoginTest -->
    </test> <!-- SwagLabs Appium Test - Pixel Fold -->
  </suite> <!-- SwagLabs Test Suite -->
</testng-results>
